2026-03-29 11:54:36 | FAILED | version=8f5c939 | script=transformation/gold_dim_date.py | wheel=monitorium-8f5c939-py3-none-any.whl
2026-03-29 13:39:59 | FAILED | version=1387f3f | script=transformation/gold_dim_date.py | wheel=monitorium-1387f3f-py3-none-any.whl
2026-03-29 14:23:36 | FAILED | version=1387f3f | script=transformation/gold_dim_date.py | wheel=monitorium-1387f3f-py3-none-any.whl
2026-03-29 14:31:17 | FAILED | version=1387f3f | script=transformation/gold_dim_date.py | wheel=monitorium-1387f3f-py3-none-any.whl
2026-03-29 15:19:09 | FAILED | version=1387f3f | script=transformation/gold_dim_date.py | wheel=monitorium-1387f3f-py3-none-any.whl
2026-03-29 15:23:37 | FAILED | version=1387f3f | script=transformation/gold_dim_date.py | wheel=monitorium-1387f3f-py3-none-any.whl
2026-03-29 15:27:14 | SUCCESS | version=1387f3f | script=transformation/gold_dim_date.py | wheel=monitorium-1387f3f-py3-none-any.whl
2026-03-29 18:52:04 | SUCCESS | version=1387f3f | script=transformation/silver_metadata.py | wheel=monitorium-1387f3f-py3-none-any.whl
2026-03-29 18:56:44 | SUCCESS | version=1387f3f | script=transformation/silver_prices.py | wheel=monitorium-1387f3f-py3-none-any.whl
2026-03-29 18:58:26 | SUCCESS | version=1387f3f | script=transformation/silver_worldbank.py | wheel=monitorium-1387f3f-py3-none-any.whl
2026-03-29 18:59:36 | FAILED | version=1387f3f | script=transformation/silver_news.py | wheel=monitorium-1387f3f-py3-none-any.whl
2026-03-29 19:00:56 | FAILED | version=1387f3f | script=transformation/gold_dim_date.py | wheel=monitorium-1387f3f-py3-none-any.whl
2026-03-29 19:05:34 | SUCCESS | version=1387f3f | script=transformation/gold_dim_date.py | wheel=monitorium-1387f3f-py3-none-any.whl
2026-03-29 19:20:25 | FAILED | version=5630892 | script=transformation/gold_dim_date.py | wheel=monitorium-5630892-py3-none-any.whl
2026-03-29 19:23:43 | FAILED | version=5630892 | script=transformation/gold_dim_company.py | wheel=monitorium-5630892-py3-none-any.whl
2026-03-29 19:28:54 | FAILED | version=5630892 | script=transformation/gold_dim_company.py | wheel=monitorium-5630892-py3-none-any.whl
2026-03-29 19:36:14 | SUCCESS | version=5630892 | script=transformation/gold_dim_company.py | wheel=monitorium-5630892-py3-none-any.whl
2026-03-29 19:41:49 | FAILED | version=14c38e7 | script=transformation/gold_dim_country.py | wheel=monitorium-14c38e7-py3-none-any.whl
2026-03-29 19:43:56 | FAILED | version=14c38e7 | script=transformation/gold_dim_country.py | wheel=monitorium-14c38e7-py3-none-any.whl
2026-03-29 19:47:51 | SUCCESS | version=14c38e7 | script=transformation/gold_dim_country.py | wheel=monitorium-14c38e7-py3-none-any.whl
2026-03-29 19:56:04 | FAILED | version=cf5b94c | script=transformation/gold_fact_prices.py | wheel=monitorium-cf5b94c-py3-none-any.whl
2026-03-29 20:00:37 | FAILED | version=cf5b94c | script=transformation/gold_fact_prices.py | wheel=monitorium-cf5b94c-py3-none-any.whl
2026-03-29 20:12:58 | SUCCESS | version=cf5b94c | script=transformation/gold_fact_prices.py | wheel=monitorium-cf5b94c-py3-none-any.whl
2026-03-29 20:17:45 | SUCCESS | version=cf5b94c | script=transformation/gold_fact_macro.py | wheel=monitorium-cf5b94c-py3-none-any.whl
2026-03-29 20:19:41 | FAILED | version=cf5b94c | script=transformation/silver_news.py | wheel=monitorium-cf5b94c-py3-none-any.whl
2026-03-29 20:22:11 | FAILED | version=cf5b94c | script=transformation/silver_news.py | wheel=monitorium-cf5b94c-py3-none-any.whl
2026-03-29 20:28:45 | FAILED | version=cf5b94c | script=transformation/silver_news.py | wheel=monitorium-cf5b94c-py3-none-any.whl
2026-03-29 20:34:27 | SUCCESS | version=cf5b94c | script=transformation/silver_news.py | wheel=monitorium-cf5b94c-py3-none-any.whl
2026-03-29 20:38:41 | SUCCESS | version=cf5b94c | script=transformation/gold_news.py | wheel=monitorium-cf5b94c-py3-none-any.whl

2026-04-04 15:29:46 | SUCCESS | version=082a636 | script=transformation/silver_prices.py | wheel=monitorium-082a636-py3-none-any.whl
2026-04-04 15:31:57 | SUCCESS | version=082a636 | script=transformation/silver_prices.py | wheel=monitorium-cf5b94c-py3-none-any.whl
2026-04-04 15:50:02 | SUCCESS | version=082a636 | script=transformation/silver_prices.py | wheel=monitorium-cf5b94c-py3-none-any.whl
2026-04-04 16:04:24 | SUCCESS | version=082a636 | script=transformation/silver_prices.py | wheel=monitorium-cf5b94c-py3-none-any.whl
2026-04-04 16:29:01 | SUCCESS | version=082a636 | script=transformation/silver_prices.py | wheel=monitorium-cf5b94c-py3-none-any.whl
2026-04-04 16:34:05 | SUCCESS | version=082a636 | script=transformation/silver_prices.py | wheel=monitorium-cf5b94c-py3-none-any.whl
2026-04-04 16:37:37 | SUCCESS | version=082a636 | script=transformation/silver_prices.py | wheel=monitorium-cf5b94c-py3-none-any.whl
2026-04-04 19:31:13 | SUCCESS | version=082a636 | script=transformation/silver_prices.py | wheel=monitorium-cf5b94c-py3-none-any.whl
2026-04-04 20:38:23 | SUCCESS | version=082a636 | script=transformation/silver_prices_backfill.py | wheel=monitorium-cf5b94c-py3-none-any.whl
